-------------------------------------------
Model:LOVE_400_100.disp
Dispersion for a point:   33.000   44.000
Includes only isotropic contribution
 f (mHz) c(PREM)       c  dc (%) U(PREM)       U  dU (%)
   4.000   5.071   5.076   0.094   4.386   4.320  -1.498
   4.364   5.007   5.003  -0.069   4.382   4.309  -1.672
   4.727   4.954   4.943  -0.217   4.381   4.301  -1.834
   5.091   4.909   4.891  -0.355   4.382   4.294  -1.989
   5.455   4.871   4.847  -0.484   4.382   4.289  -2.139
   5.818   4.838   4.809  -0.605   4.383   4.284  -2.267
   6.182   4.809   4.775  -0.717   4.384   4.280  -2.358
   6.545   4.784   4.745  -0.820   4.384   4.279  -2.409
   6.909   4.762   4.719  -0.913   4.385   4.279  -2.414
   7.273   4.742   4.695  -0.994   4.385   4.281  -2.375
   7.636   4.725   4.674  -1.065   4.385   4.282  -2.346
   8.000   4.709   4.656  -1.129   4.385   4.281  -2.355
   8.364   4.694   4.638  -1.188   4.384   4.278  -2.414
   8.727   4.681   4.623  -1.246   4.384   4.273  -2.533
   9.091   4.669   4.608  -1.305   4.383   4.264  -2.722
   9.455   4.657   4.594  -1.369   4.382   4.251  -2.989
   9.818   4.647   4.580  -1.440   4.381   4.237  -3.281
  10.182   4.637   4.567  -1.517   4.379   4.223  -3.567
  10.545   4.628   4.554  -1.599   4.378   4.210  -3.846
  10.909   4.620   4.542  -1.684   4.376   4.196  -4.113
  11.273   4.612   4.530  -1.774   4.375   4.184  -4.368
  11.636   4.605   4.519  -1.866   4.373   4.171  -4.606
  12.000   4.597   4.507  -1.959   4.371   4.160  -4.826
  12.364   4.591   4.496  -2.054   4.368   4.149  -5.030
  12.727   4.584   4.486  -2.149   4.366   4.138  -5.232
  13.091   4.578   4.476  -2.245   4.364   4.127  -5.433
  13.455   4.573   4.465  -2.342   4.361   4.115  -5.630
  13.818   4.567   4.456  -2.438   4.358   4.104  -5.826
  14.182   4.562   4.446  -2.536   4.355   4.093  -6.018
  14.545   4.556   4.436  -2.633   4.352   4.082  -6.208
  14.909   4.551   4.427  -2.730   4.349   4.071  -6.394
  15.273   4.547   4.418  -2.827   4.345   4.060  -6.576
  15.636   4.542   4.409  -2.925   4.342   4.048  -6.761
  16.000   4.537   4.400  -3.022   4.338   4.036  -6.972
  16.364   4.533   4.391  -3.121   4.334   4.022  -7.211
  16.727   4.529   4.383  -3.221   4.330   4.006  -7.480
  17.091   4.524   4.374  -3.324   4.326   3.989  -7.781
  17.455   4.520   4.365  -3.430   4.321   3.971  -8.115
  17.818   4.516   4.356  -3.539   4.317   3.950  -8.484
  18.182   4.512   4.347  -3.653   4.312   3.928  -8.888
  18.545   4.508   4.338  -3.771   4.307   3.905  -9.330
  18.909   4.504   4.329  -3.896   4.301   3.879  -9.809
  19.273   4.500   4.319  -4.026   4.296   3.852 -10.326
  19.636   4.496   4.309  -4.162   4.290   3.825 -10.842
  20.000   4.493   4.299  -4.304   4.284   3.798 -11.337
  20.364   4.489   4.289  -4.452   4.278   3.773 -11.811
  20.727   4.485   4.279  -4.603   4.271   3.748 -12.261
  21.091   4.481   4.268  -4.759   4.265   3.724 -12.686
  21.455   4.477   4.257  -4.917   4.258   3.701 -13.085
  21.818   4.474   4.247  -5.077   4.251   3.679 -13.456
  22.182   4.470   4.236  -5.239   4.243   3.658 -13.799
  22.545   4.466   4.225  -5.402   4.236   3.638 -14.111
  22.909   4.462   4.214  -5.566   4.228   3.619 -14.393
  23.273   4.459   4.203  -5.729   4.220   3.602 -14.642
  23.636   4.455   4.192  -5.891   4.211   3.586 -14.858
  24.000   4.451   4.181  -6.051   4.203   3.570 -15.049
  24.364   4.447   4.171  -6.210   4.194   3.556 -15.218
  24.727   4.443   4.160  -6.367   4.185   3.542 -15.364
  25.091   4.439   4.150  -6.521   4.175   3.529 -15.485
  25.455   4.435   4.139  -6.673   4.166   3.517 -15.583
  25.818   4.431   4.129  -6.821   4.156   3.505 -15.654
  26.182   4.427   4.119  -6.966   4.146   3.495 -15.700
  26.545   4.423   4.109  -7.107   4.136   3.486 -15.719
  26.909   4.419   4.099  -7.244   4.125   3.477 -15.710
  27.273   4.415   4.089  -7.377   4.115   3.470 -15.673
  27.636   4.410   4.079  -7.505   4.104   3.463 -15.606
  28.000   4.406   4.070  -7.628   4.092   3.458 -15.509
  28.364   4.402   4.061  -7.746   4.081   3.453 -15.382
  28.727   4.397   4.052  -7.859   4.070   3.450 -15.231
  29.091   4.393   4.043  -7.966   4.058   3.447 -15.057
  29.455   4.388   4.034  -8.067   4.046   3.445 -14.859
  29.818   4.384   4.026  -8.162   4.034   3.444 -14.638
  30.182   4.379   4.018  -8.252   4.022   3.443 -14.392
  30.545   4.375   4.010  -8.335   4.010   3.444 -14.120
  30.909   4.370   4.002  -8.412   3.997   3.445 -13.822
  31.273   4.365   3.995  -8.483   3.985   3.447 -13.497
  31.636   4.360   3.988  -8.547   3.972   3.450 -13.144
  32.000   4.356   3.981  -8.605   3.960   3.454 -12.762
  32.364   4.351   3.974  -8.656   3.947   3.459 -12.351
  32.727   4.346   3.968  -8.701   3.934   3.466 -11.908
  33.091   4.341   3.961  -8.738   3.921   3.473 -11.442
  33.455   4.336   3.955  -8.769   3.908   3.478 -11.014
  33.818   4.330   3.950  -8.794   3.896   3.481 -10.640
  34.182   4.325   3.944  -8.815   3.883   3.482 -10.325
  34.545   4.320   3.939  -8.831   3.870   3.480 -10.072
  34.909   4.315   3.933  -8.845   3.857   3.476  -9.885
  35.273   4.309   3.928  -8.856   3.844   3.468  -9.767
  35.636   4.304   3.922  -8.866   3.831   3.459  -9.722
  36.000   4.299   3.917  -8.876   3.818   3.446  -9.751
  36.364   4.293   3.912  -8.887   3.805   3.430  -9.858
  36.727   4.288   3.906  -8.899   3.793   3.412 -10.043
  37.091   4.282   3.901  -8.913   3.780   3.390 -10.307
  37.455   4.277   3.895  -8.931   3.767   3.367 -10.640
  37.818   4.271   3.889  -8.952   3.755   3.343 -10.980
  38.182   4.265   3.883  -8.976   3.742   3.319 -11.318
  38.545   4.260   3.876  -9.004   3.730   3.295 -11.655
  38.909   4.254   3.870  -9.035   3.718   3.272 -11.989
  39.273   4.248   3.863  -9.069   3.706   3.249 -12.322
  39.636   4.243   3.856  -9.107   3.693   3.226 -12.652
  40.000   4.237   3.849  -9.147   3.682   3.204 -12.980
