-------------------------------------------
Model:RAYL_320_80_32000_8000.disp
Dispersion for a point:   34.863    5.238
Includes only isotropic contribution
 f (mHz) c(PREM)       c  dc (%) U(PREM)       U  dU (%)
   4.000   4.918   4.927   0.173   3.578   3.604   0.732
   4.364   4.769   4.781   0.237   3.568   3.595   0.757
   4.727   4.650   4.664   0.286   3.577   3.601   0.678
   5.091   4.555   4.569   0.313   3.594   3.610   0.465
   5.455   4.477   4.491   0.311   3.612   3.616   0.096
   5.818   4.412   4.425   0.279   3.630   3.618  -0.313
   6.182   4.358   4.368   0.224   3.646   3.621  -0.679
   6.545   4.313   4.320   0.154   3.660   3.625  -0.973
   6.909   4.274   4.277   0.077   3.674   3.631  -1.170
   7.273   4.240   4.240   0.002   3.685   3.639  -1.250
   7.636   4.211   4.208  -0.068   3.696   3.649  -1.279
   8.000   4.185   4.180  -0.131   3.706   3.659  -1.280
   8.364   4.163   4.155  -0.187   3.716   3.669  -1.249
   8.727   4.143   4.133  -0.236   3.725   3.680  -1.183
   9.091   4.125   4.114  -0.276   3.733   3.693  -1.080
   9.455   4.109   4.096  -0.307   3.741   3.706  -0.938
   9.818   4.095   4.081  -0.330   3.749   3.719  -0.794
  10.182   4.082   4.068  -0.346   3.756   3.731  -0.670
  10.545   4.070   4.056  -0.356   3.763   3.741  -0.573
  10.909   4.060   4.045  -0.362   3.770   3.751  -0.508
  11.273   4.050   4.035  -0.367   3.776   3.758  -0.483
  11.636   4.042   4.027  -0.371   3.782   3.763  -0.504
  12.000   4.034   4.018  -0.376   3.788   3.766  -0.576
  12.364   4.026   4.011  -0.384   3.794   3.768  -0.689
  12.727   4.020   4.004  -0.395   3.799   3.769  -0.797
  13.091   4.014   3.997  -0.409   3.804   3.770  -0.896
  13.455   4.008   3.991  -0.424   3.808   3.771  -0.985
  13.818   4.003   3.985  -0.441   3.812   3.772  -1.062
  14.182   3.998   3.980  -0.458   3.816   3.773  -1.124
  14.545   3.994   3.975  -0.477   3.820   3.775  -1.170
  14.909   3.990   3.970  -0.495   3.823   3.777  -1.198
  15.273   3.986   3.965  -0.513   3.826   3.780  -1.207
  15.636   3.982   3.961  -0.530   3.828   3.782  -1.205
  16.000   3.979   3.957  -0.546   3.831   3.784  -1.220
  16.364   3.976   3.953  -0.562   3.833   3.784  -1.258
  16.727   3.973   3.950  -0.578   3.834   3.784  -1.318
  17.091   3.970   3.946  -0.596   3.836   3.782  -1.404
  17.455   3.967   3.943  -0.614   3.837   3.779  -1.517
  17.818   3.965   3.939  -0.635   3.838   3.774  -1.659
  18.182   3.962   3.936  -0.658   3.839   3.768  -1.832
  18.545   3.960   3.933  -0.684   3.839   3.761  -2.036
  18.909   3.958   3.929  -0.714   3.839   3.752  -2.275
  19.273   3.955   3.926  -0.747   3.839   3.741  -2.549
  19.636   3.953   3.922  -0.785   3.839   3.730  -2.836
  20.000   3.951   3.919  -0.827   3.839   3.719  -3.127
  20.364   3.949   3.915  -0.873   3.838   3.707  -3.421
  20.727   3.948   3.911  -0.923   3.837   3.695  -3.717
  21.091   3.946   3.907  -0.977   3.836   3.682  -4.014
  21.455   3.944   3.903  -1.035   3.835   3.670  -4.313
  21.818   3.942   3.899  -1.095   3.834   3.657  -4.613
  22.182   3.941   3.895  -1.160   3.832   3.644  -4.913
  22.545   3.939   3.890  -1.227   3.831   3.631  -5.212
  22.909   3.937   3.886  -1.297   3.829   3.618  -5.510
  23.273   3.936   3.882  -1.371   3.827   3.605  -5.807
  23.636   3.934   3.877  -1.447   3.825   3.591  -6.102
  24.000   3.932   3.872  -1.525   3.822   3.579  -6.379
  24.364   3.931   3.868  -1.606   3.820   3.567  -6.634
  24.727   3.929   3.863  -1.688   3.818   3.555  -6.865
  25.091   3.927   3.858  -1.771   3.815   3.545  -7.071
  25.455   3.926   3.853  -1.855   3.812   3.536  -7.252
  25.818   3.924   3.848  -1.939   3.809   3.527  -7.405
  26.182   3.923   3.843  -2.023   3.806   3.519  -7.530
  26.545   3.921   3.839  -2.106   3.803   3.513  -7.626
  26.909   3.920   3.834  -2.188   3.800   3.507  -7.690
  27.273   3.918   3.829  -2.269   3.796   3.503  -7.722
  27.636   3.916   3.824  -2.347   3.793   3.500  -7.721
  28.000   3.915   3.820  -2.423   3.789   3.498  -7.684
  28.364   3.913   3.815  -2.496   3.785   3.497  -7.618
  28.727   3.911   3.811  -2.567   3.781   3.495  -7.566
  29.091   3.910   3.807  -2.634   3.777   3.492  -7.538
  29.455   3.908   3.803  -2.700   3.773   3.489  -7.535
  29.818   3.906   3.798  -2.765   3.769   3.484  -7.559
  30.182   3.905   3.794  -2.828   3.764   3.478  -7.611
  30.545   3.903   3.790  -2.891   3.760   3.471  -7.692
  30.909   3.901   3.786  -2.953   3.755   3.462  -7.804
  31.273   3.900   3.782  -3.016   3.750   3.452  -7.947
  31.636   3.898   3.778  -3.079   3.745   3.441  -8.124
  32.000   3.896   3.774  -3.143   3.740   3.429  -8.334
  32.364   3.894   3.769  -3.209   3.735   3.415  -8.578
  32.727   3.892   3.765  -3.277   3.730   3.400  -8.858
  33.091   3.891   3.760  -3.347   3.725   3.383  -9.168
  33.455   3.889   3.756  -3.419   3.719   3.367  -9.468
  33.818   3.887   3.751  -3.493   3.714   3.352  -9.747
  34.182   3.885   3.746  -3.569   3.708   3.337 -10.005
  34.545   3.883   3.741  -3.647   3.702   3.323 -10.242
  34.909   3.881   3.736  -3.726   3.696   3.309 -10.457
  35.273   3.879   3.731  -3.805   3.690   3.297 -10.649
  35.636   3.877   3.726  -3.885   3.683   3.285 -10.818
  36.000   3.875   3.721  -3.966   3.677   3.274 -10.963
  36.364   3.873   3.716  -4.046   3.670   3.264 -11.084
  36.727   3.871   3.711  -4.126   3.664   3.254 -11.179
  37.091   3.869   3.706  -4.205   3.657   3.246 -11.249
  37.455   3.866   3.701  -4.284   3.650   3.237 -11.308
  37.818   3.864   3.696  -4.362   3.643   3.227 -11.429
  38.182   3.862   3.690  -4.440   3.636   3.213 -11.624
  38.545   3.860   3.685  -4.519   3.628   3.197 -11.895
  38.909   3.857   3.680  -4.601   3.621   3.177 -12.243
  39.273   3.855   3.674  -4.685   3.613   3.155 -12.667
  39.636   3.853   3.669  -4.773   3.605   3.131 -13.168
  40.000   3.850   3.663  -4.866   3.597   3.103 -13.745
